[0m[[0m[31merror[0m] [0m[0mjava.lang.IllegalArgumentException: Argument unrecognized by ScalaTest's Runner: -specname[0m
[0m[[0m[31merror[0m] [0m[0m	at org.scalatest.tools.ArgsParser$.parseArgs(ArgsParser.scala:444)[0m
[0m[[0m[31merror[0m] [0m[0m	at org.scalatest.tools.Framework.runner(Framework.scala:938)[0m
[0m[[0m[31merror[0m] [0m[0m	at sbt.Defaults$.$anonfun$createTestRunners$1(Defaults.scala:870)[0m
[0m[[0m[31merror[0m] [0m[0m	at scala.collection.TraversableLike.$anonfun$map$1(TraversableLike.scala:234)[0m
[0m[[0m[31merror[0m] [0m[0m	at scala.collection.immutable.Map$Map2.foreach(Map.scala:156)[0m
[0m[[0m[31merror[0m] [0m[0m	at scala.collection.TraversableLike.map(TraversableLike.scala:234)[0m
[0m[[0m[31merror[0m] [0m[0m	at scala.collection.TraversableLike.map$(TraversableLike.scala:227)[0m
[0m[[0m[31merror[0m] [0m[0m	at scala.collection.AbstractTraversable.map(Traversable.scala:104)[0m
[0m[[0m[31merror[0m] [0m[0m	at sbt.Defaults$.createTestRunners(Defaults.scala:864)[0m
[0m[[0m[31merror[0m] [0m[0m	at sbt.Defaults$.allTestGroupsTask(Defaults.scala:922)[0m
[0m[[0m[31merror[0m] [0m[0m	at sbt.Defaults$.$anonfun$inputTests0$4(Defaults.scala:850)[0m
[0m[[0m[31merror[0m] [0m[0m	at sbt.std.FullInstance$.$anonfun$flattenFun$3(TaskMacro.scala:77)[0m
[0m[[0m[31merror[0m] [0m[0m	at scala.Function1.$anonfun$compose$1(Function1.scala:44)[0m
[0m[[0m[31merror[0m] [0m[0m	at sbt.internal.util.$tilde$greater.$anonfun$$u2219$1(TypeFunctions.scala:39)[0m
[0m[[0m[31merror[0m] [0m[0m	at sbt.std.Transform$$anon$4.work(System.scala:66)[0m
[0m[[0m[31merror[0m] [0m[0m	at sbt.Execute.$anonfun$submit$2(Execute.scala:263)[0m
[0m[[0m[31merror[0m] [0m[0m	at sbt.internal.util.ErrorHandling$.wideConvert(ErrorHandling.scala:16)[0m
[0m[[0m[31merror[0m] [0m[0m	at sbt.Execute.work(Execute.scala:272)[0m
[0m[[0m[31merror[0m] [0m[0m	at sbt.Execute.$anonfun$submit$1(Execute.scala:263)[0m
[0m[[0m[31merror[0m] [0m[0m	at sbt.ConcurrentRestrictions$$anon$4.$anonfun$submitValid$1(ConcurrentRestrictions.scala:174)[0m
[0m[[0m[31merror[0m] [0m[0m	at sbt.CompletionService$$anon$2.call(CompletionService.scala:37)[0m
[0m[[0m[31merror[0m] [0m[0m	at java.util.concurrent.FutureTask.run(FutureTask.java:266)[0m
[0m[[0m[31merror[0m] [0m[0m	at java.util.concurrent.Executors$RunnableAdapter.call(Executors.java:511)[0m
[0m[[0m[31merror[0m] [0m[0m	at java.util.concurrent.FutureTask.run(FutureTask.java:266)[0m
[0m[[0m[31merror[0m] [0m[0m	at java.util.concurrent.ThreadPoolExecutor.runWorker(ThreadPoolExecutor.java:1142)[0m
[0m[[0m[31merror[0m] [0m[0m	at java.util.concurrent.ThreadPoolExecutor$Worker.run(ThreadPoolExecutor.java:617)[0m
[0m[[0m[31merror[0m] [0m[0m	at java.lang.Thread.run(Thread.java:745)[0m
[0m[[0m[31merror[0m] [0m[0m(Test / [31mtestOnly[0m) java.lang.IllegalArgumentException: Argument unrecognized by ScalaTest's Runner: -specname[0m
